Flutter crash report.
Please report a bug at https://github.com/flutter/flutter/issues.

## command

flutter pub get

## exception

FileSystemException: FileSystemException: Cannot create link, path = 'E:\Develop\package_info_by_all\example\linux\flutter\ephemeral\.plugin_symlinks\package_info_by_all' (OS Error: 函数不正确。
, errno = 1)

```
#0      _Link.throwIfError (dart:io/link.dart:263:7)
#1      _Link.createSync (dart:io/link.dart:184:5)
#2      ForwardingLink.createSync (package:file/src/forwarding/forwarding_link.dart:20:16)
#3      ForwardingLink.createSync (package:file/src/forwarding/forwarding_link.dart:20:16)
#4      _createPlatformPluginSymlinks (package:flutter_tools/src/plugins.dart:1125:12)
#5      createPluginSymlinks (package:flutter_tools/src/plugins.dart:1073:5)
#6      refreshPluginsList (package:flutter_tools/src/plugins.dart:1151:5)
<asynchronous suspension>
#7      FlutterProject.ensureReadyForPlatformSpecificTooling (package:flutter_tools/src/project.dart:273:5)
<asynchronous suspension>
#8      PackagesGetCommand.runCommand (package:flutter_tools/src/commands/packages.dart:170:7)
<asynchronous suspension>
#9      FlutterCommand.verifyThenRunCommand (package:flutter_tools/src/runner/flutter_command.dart:1157:12)
<asynchronous suspension>
#10     FlutterCommand.run.<anonymous closure> (package:flutter_tools/src/runner/flutter_command.dart:1009:27)
<asynchronous suspension>
#11     AppContext.run.<anonymous closure> (package:flutter_tools/src/base/context.dart:150:19)
<asynchronous suspension>
#12     AppContext.run (package:flutter_tools/src/base/context.dart:149:12)
<asynchronous suspension>
#13     CommandRunner.runCommand (package:args/command_runner.dart:197:13)
<asynchronous suspension>
#14     FlutterCommandRunner.runCommand.<anonymous closure> (package:flutter_tools/src/runner/flutter_command_runner.dart:278:9)
<asynchronous suspension>
#15     AppContext.run.<anonymous closure> (package:flutter_tools/src/base/context.dart:150:19)
<asynchronous suspension>
#16     AppContext.run (package:flutter_tools/src/base/context.dart:149:12)
<asynchronous suspension>
#17     FlutterCommandRunner.runCommand (package:flutter_tools/src/runner/flutter_command_runner.dart:234:5)
<asynchronous suspension>
#18     run.<anonymous closure>.<anonymous closure> (package:flutter_tools/runner.dart:64:9)
<asynchronous suspension>
#19     run.<anonymous closure> (package:flutter_tools/runner.dart:62:12)
<asynchronous suspension>
#20     AppContext.run.<anonymous closure> (package:flutter_tools/src/base/context.dart:150:19)
<asynchronous suspension>
#21     AppContext.run (package:flutter_tools/src/base/context.dart:149:12)
<asynchronous suspension>
#22     runInContext (package:flutter_tools/src/context_runner.dart:73:10)
<asynchronous suspension>
#23     main (package:flutter_tools/executable.dart:90:3)
<asynchronous suspension>
```

## flutter doctor

```
[✓] Flutter (Channel unknown, 2.0.3, on Microsoft Windows [Version 10.0.17763.253], locale zh-CN)
    • Flutter version 2.0.3 at D:\sdk\Flutter
    • Framework revision 4d7946a68d (3 weeks ago), 2021-03-18 17:24:33 -0700
    • Engine revision 3459eb2436
    • Dart version 2.12.2
    • Pub download mirror https://pub.flutter-io.cn
    • Flutter download mirror https://storage.flutter-io.cn

[✓] Android toolchain - develop for Android devices (Android SDK version 29.0.3)
    • Android SDK at D:\sdk\Android
    • Platform android-29, build-tools 29.0.3
    • ANDROID_HOME = D:\sdk\Android
    • Java binary at: C:\Program Files (x86)\Common Files\Oracle\Java\javapath\java.exe
    • Java version Java(TM) SE Runtime Environment (build 1.8.0_181-b13)
    • All Android licenses accepted.

[✗] Chrome - develop for the web (Cannot find Chrome executable at .\Google\Chrome\Application\chrome.exe)
    ! Cannot find Chrome. Try setting CHROME_EXECUTABLE to a Chrome executable.

[✓] Visual Studio - develop for Windows (Visual Studio Community 2019 16.8.3)
    • Visual Studio at C:\Program Files (x86)\Microsoft Visual Studio\2019\Community
    • Visual Studio Community 2019 version 16.8.30804.86
    • Windows 10 SDK version 10.0.18362.0

[!] Android Studio (not installed)
    • Android Studio not found; download from https://developer.android.com/studio/index.html
      (or visit https://flutter.dev/docs/get-started/install/windows#android-setup for detailed instructions).

[✓] IntelliJ IDEA Community Edition (version 2020.2)
    • IntelliJ at D:\Program Files\JetBrains\IntelliJ IDEA Community Edition 2020.2
    • Flutter plugin can be installed from:
      🔨 https://plugins.jetbrains.com/plugin/9212-flutter
    • Dart plugin can be installed from:
      🔨 https://plugins.jetbrains.com/plugin/6351-dart

[✓] Connected device (2 available)
    • Windows (desktop) • windows • windows-x64    • Microsoft Windows [Version 10.0.17763.253]
    • Edge (web)        • edge    • web-javascript • Microsoft Edge 83.0.478.58 (unsupported)

! Doctor found issues in 2 categories.
```
